#Frame: 10000, preparing replay buffer
#Frame: 20000, Loss: 0.6258227229118347
Last-10 average reward: -20.4
#Frame: 30000, Loss: 0.41179540753364563
Last-10 average reward: -20.7
#Frame: 40000, Loss: 0.3077523410320282
Last-10 average reward: -20.4
#Frame: 50000, Loss: 0.2489577680826187
Last-10 average reward: -20.0
#Frame: 60000, Loss: 0.21197298169136047
Last-10 average reward: -20.0
#Frame: 70000, Loss: 0.18618331849575043
Last-10 average reward: -20.0
#Frame: 80000, Loss: 0.16726377606391907
Last-10 average reward: -20.0
#Frame: 90000, Loss: 0.15248990058898926
Last-10 average reward: -19.8
#Frame: 100000, Loss: 0.1409793347120285
Last-10 average reward: -20.2
#Frame: 110000, Loss: 0.1314876526594162
Last-10 average reward: -19.9
#Frame: 120000, Loss: 0.1234845370054245
Last-10 average reward: -19.8
#Frame: 130000, Loss: 0.11659588664770126
Last-10 average reward: -19.8
#Frame: 140000, Loss: 0.11047788709402084
Last-10 average reward: -18.7
#Frame: 150000, Loss: 0.1052962988615036
Last-10 average reward: -19.0
#Frame: 160000, Loss: 0.10070379078388214
Last-10 average reward: -18.4
#Frame: 170000, Loss: 0.09668625146150589
Last-10 average reward: -18.6
#Frame: 180000, Loss: 0.09300290793180466
Last-10 average reward: -18.8
#Frame: 190000, Loss: 0.08969973772764206
Last-10 average reward: -18.2
#Frame: 200000, Loss: 0.08668088912963867
Last-10 average reward: -17.7
#Frame: 210000, Loss: 0.08384127169847488
Last-10 average reward: -18.0
#Frame: 220000, Loss: 0.081288181245327
Last-10 average reward: -18.8
#Frame: 230000, Loss: 0.07882724702358246
Last-10 average reward: -19.2
#Frame: 240000, Loss: 0.07657584547996521
Last-10 average reward: -18.7
#Frame: 250000, Loss: 0.07452341169118881
Last-10 average reward: -18.1
#Frame: 260000, Loss: 0.07272030413150787
Last-10 average reward: -17.7
#Frame: 270000, Loss: 0.07098819315433502
Last-10 average reward: -17.7
#Frame: 280000, Loss: 0.0693526640534401
Last-10 average reward: -18.6
#Frame: 290000, Loss: 0.0677870661020279
Last-10 average reward: -19.1
#Frame: 300000, Loss: 0.06624047458171844
Last-10 average reward: -18.6
#Frame: 310000, Loss: 0.06483142822980881
Last-10 average reward: -17.5
#Frame: 320000, Loss: 0.06348142772912979
Last-10 average reward: -18.1
#Frame: 330000, Loss: 0.06218934804201126
Last-10 average reward: -17.7
#Frame: 340000, Loss: 0.060959238559007645
Last-10 average reward: -16.9
#Frame: 350000, Loss: 0.059808358550071716
Last-10 average reward: -16.4
#Frame: 360000, Loss: 0.05870351940393448
Last-10 average reward: -17.8
#Frame: 370000, Loss: 0.057647254317998886
Last-10 average reward: -18.0
#Frame: 380000, Loss: 0.056661851704120636
Last-10 average reward: -17.2
#Frame: 390000, Loss: 0.055717166513204575
Last-10 average reward: -16.9
#Frame: 400000, Loss: 0.054800670593976974
Last-10 average reward: -16.5
#Frame: 410000, Loss: 0.05396103113889694
Last-10 average reward: -16.9
#Frame: 420000, Loss: 0.05314568430185318
Last-10 average reward: -17.4
#Frame: 430000, Loss: 0.052343498915433884
Last-10 average reward: -16.7
#Frame: 440000, Loss: 0.05155876278877258
Last-10 average reward: -17.1
#Frame: 450000, Loss: 0.050823699682950974
Last-10 average reward: -17.1
#Frame: 460000, Loss: 0.05013158172369003
Last-10 average reward: -16.4
#Frame: 470000, Loss: 0.04950112849473953
Last-10 average reward: -16.7
#Frame: 480000, Loss: 0.048877812922000885
Last-10 average reward: -16.1
#Frame: 490000, Loss: 0.048262231051921844
Last-10 average reward: -17.5
#Frame: 500000, Loss: 0.04768159240484238
Last-10 average reward: -17.3
#Frame: 510000, Loss: 0.04710634797811508
Last-10 average reward: -17.6
#Frame: 520000, Loss: 0.0465736947953701
Last-10 average reward: -16.7
#Frame: 530000, Loss: 0.04602431505918503
Last-10 average reward: -16.2
#Frame: 540000, Loss: 0.04551853984594345
Last-10 average reward: -16.2
#Frame: 550000, Loss: 0.04504099115729332
Last-10 average reward: -16.8
#Frame: 560000, Loss: 0.044559042900800705
Last-10 average reward: -15.9
#Frame: 570000, Loss: 0.044089626520872116
Last-10 average reward: -15.5
#Frame: 580000, Loss: 0.043598055839538574
Last-10 average reward: -15.9
#Frame: 590000, Loss: 0.04311176761984825
Last-10 average reward: -16.9
#Frame: 600000, Loss: 0.042660970240831375
Last-10 average reward: -16.2
#Frame: 610000, Loss: 0.04220506548881531
Last-10 average reward: -15.9
#Frame: 620000, Loss: 0.041776690632104874
Last-10 average reward: -15.9
#Frame: 630000, Loss: 0.04135676845908165
Last-10 average reward: -15.5
#Frame: 640000, Loss: 0.04095222055912018
Last-10 average reward: -12.3
#Frame: 650000, Loss: 0.040553122758865356
Last-10 average reward: -11.6
#Frame: 660000, Loss: 0.040178291499614716
Last-10 average reward: -14.0
#Frame: 670000, Loss: 0.039802297949790955
Last-10 average reward: -17.5
#Frame: 680000, Loss: 0.0394388847053051
Last-10 average reward: -16.7
#Frame: 690000, Loss: 0.03907360881567001
Last-10 average reward: -16.6
#Frame: 700000, Loss: 0.03870469331741333
Last-10 average reward: -17.1
#Frame: 710000, Loss: 0.03836992755532265
Last-10 average reward: -17.4
#Frame: 720000, Loss: 0.03804713860154152
Last-10 average reward: -17.1
#Frame: 730000, Loss: 0.03773033991456032
Last-10 average reward: -15.8
#Frame: 740000, Loss: 0.03742441162467003
Last-10 average reward: -14.8
#Frame: 750000, Loss: 0.037145838141441345
Last-10 average reward: -15.6
#Frame: 760000, Loss: 0.03689063712954521
Last-10 average reward: -15.8
#Frame: 770000, Loss: 0.03663094714283943
Last-10 average reward: -15.1
#Frame: 780000, Loss: 0.03636140003800392
Last-10 average reward: -14.5
#Frame: 790000, Loss: 0.03609862178564072
Last-10 average reward: -15.4
#Frame: 800000, Loss: 0.03585769981145859
Last-10 average reward: -15.7
#Frame: 810000, Loss: 0.03560861200094223
Last-10 average reward: -15.4
#Frame: 820000, Loss: 0.035356778651475906
Last-10 average reward: -14.3
#Frame: 830000, Loss: 0.03510681539773941
Last-10 average reward: -14.2
#Frame: 840000, Loss: 0.03485571965575218
Last-10 average reward: -15.9
#Frame: 850000, Loss: 0.03461340442299843
Last-10 average reward: -16.1
#Frame: 860000, Loss: 0.03438366949558258
Last-10 average reward: -15.5
#Frame: 870000, Loss: 0.034144800156354904
Last-10 average reward: -15.3
#Frame: 880000, Loss: 0.033913321793079376
Last-10 average reward: -14.9
#Frame: 890000, Loss: 0.03369644284248352
Last-10 average reward: -14.9
#Frame: 900000, Loss: 0.03348013386130333
Last-10 average reward: -14.9
#Frame: 910000, Loss: 0.033267125487327576
Last-10 average reward: -15.1
#Frame: 920000, Loss: 0.033065591007471085
Last-10 average reward: -15.2
#Frame: 930000, Loss: 0.03286092355847359
Last-10 average reward: -16.0
#Frame: 940000, Loss: 0.03267429769039154
Last-10 average reward: -16.2
#Frame: 950000, Loss: 0.03248612582683563
Last-10 average reward: -15.5
#Frame: 960000, Loss: 0.032298605889081955
Last-10 average reward: -14.3
#Frame: 970000, Loss: 0.032103557139635086
Last-10 average reward: -15.9
#Frame: 980000, Loss: 0.0319182462990284
Last-10 average reward: -16.3
#Frame: 990000, Loss: 0.031738802790641785
Last-10 average reward: -15.6
#Frame: 1000000, Loss: 0.031576793640851974
Last-10 average reward: -15.1
10481.27user 278.52system 3:00:20elapsed 99%CPU (0avgtext+0avgdata 8404808maxresident)k
0inputs+32outputs (0major+102471039minor)pagefaults 0swaps
