#Frame: 0, preparing replay buffer
#Frame: 10000, Loss: 7.4278059005737305
Last-10 average reward: -20.8
#Frame: 20000, Loss: 0.02512158825993538
Last-10 average reward: -20.7
#Frame: 30000, Loss: 0.016658727079629898
Last-10 average reward: -20.7
#Frame: 40000, Loss: 0.012651319615542889
Last-10 average reward: -19.9
#Frame: 50000, Loss: 0.010294495150446892
Last-10 average reward: -20.6
#Frame: 60000, Loss: 0.008714443072676659
Last-10 average reward: -20.7
#Frame: 70000, Loss: 0.007576733361929655
Last-10 average reward: -20.4
#Frame: 80000, Loss: 0.006753326393663883
Last-10 average reward: -20.4
#Frame: 90000, Loss: 0.0061133913695812225
Last-10 average reward: -19.3
#Frame: 100000, Loss: 0.005604948848485947
Last-10 average reward: -19.7
#Frame: 110000, Loss: 0.005196425598114729
Last-10 average reward: -19.5
#Frame: 120000, Loss: 0.004856666550040245
Last-10 average reward: -20.1
#Frame: 130000, Loss: 0.004558239597827196
Last-10 average reward: -20.7
#Frame: 140000, Loss: 0.004300636239349842
Last-10 average reward: -19.9
#Frame: 150000, Loss: 0.004070940427482128
Last-10 average reward: -20.7
#Frame: 160000, Loss: 0.0038674783427268267
Last-10 average reward: -21.0
#Frame: 170000, Loss: 0.003683708840981126
Last-10 average reward: -20.2
#Frame: 180000, Loss: 0.0035206428728997707
Last-10 average reward: -19.9
#Frame: 190000, Loss: 0.0033751348964869976
Last-10 average reward: -18.9
#Frame: 200000, Loss: 0.0032445190008729696
Last-10 average reward: -18.7
#Frame: 210000, Loss: 0.0031295986846089363
Last-10 average reward: -17.9
#Frame: 220000, Loss: 0.0030234800651669502
Last-10 average reward: -17.3
#Frame: 230000, Loss: 0.002928223228082061
Last-10 average reward: -18.7
#Frame: 240000, Loss: 0.002844266826286912
Last-10 average reward: -18.7
#Frame: 250000, Loss: 0.002770054852589965
Last-10 average reward: -18.4
#Frame: 260000, Loss: 0.002701983554288745
Last-10 average reward: -17.9
#Frame: 270000, Loss: 0.0026426464319229126
Last-10 average reward: -17.7
#Frame: 280000, Loss: 0.002587095834314823
Last-10 average reward: -17.8
#Frame: 290000, Loss: 0.002530109602957964
Last-10 average reward: -19.7
#Frame: 300000, Loss: 0.0024763382971286774
Last-10 average reward: -20.6
#Frame: 310000, Loss: 0.002424220321699977
Last-10 average reward: -20.9
#Frame: 320000, Loss: 0.0023718595039099455
Last-10 average reward: -19.8
#Frame: 330000, Loss: 0.002323186956346035
Last-10 average reward: -19.7
#Frame: 340000, Loss: 0.002276202430948615
Last-10 average reward: -19.4
#Frame: 350000, Loss: 0.0022291934583336115
Last-10 average reward: -19.8
#Frame: 360000, Loss: 0.0021845733281224966
Last-10 average reward: -19.5
#Frame: 370000, Loss: 0.002141463104635477
Last-10 average reward: -20.3
#Frame: 380000, Loss: 0.002098436001688242
Last-10 average reward: -20.2
#Frame: 390000, Loss: 0.002056847559288144
Last-10 average reward: -19.5
#Frame: 400000, Loss: 0.0020182214211672544
Last-10 average reward: -19.9
#Frame: 410000, Loss: 0.00198025512509048
Last-10 average reward: -19.6
#Frame: 420000, Loss: 0.001944656134583056
Last-10 average reward: -19.5
#Frame: 430000, Loss: 0.00191200349945575
Last-10 average reward: -19.5
#Frame: 440000, Loss: 0.001880705007351935
Last-10 average reward: -18.7
#Frame: 450000, Loss: 0.00185168138705194
Last-10 average reward: -18.4
#Frame: 460000, Loss: 0.0018253133166581392
Last-10 average reward: -20.2
#Frame: 470000, Loss: 0.0017999836709350348
Last-10 average reward: -20.1
#Frame: 480000, Loss: 0.0017746248049661517
Last-10 average reward: -20.0
#Frame: 490000, Loss: 0.0017502190312370658
Last-10 average reward: -20.8
#Frame: 500000, Loss: 0.0017269435338675976
Last-10 average reward: -19.5
#Frame: 510000, Loss: 0.0017045928398147225
Last-10 average reward: -20.4
#Frame: 520000, Loss: 0.0016825945349410176
Last-10 average reward: -19.3
#Frame: 530000, Loss: 0.0016599688678979874
Last-10 average reward: -20.0
#Frame: 540000, Loss: 0.001638509682379663
Last-10 average reward: -20.4
#Frame: 550000, Loss: 0.0016163713298738003
Last-10 average reward: -19.5
#Frame: 560000, Loss: 0.0015961414901539683
Last-10 average reward: -18.6
#Frame: 570000, Loss: 0.0015775869833305478
Last-10 average reward: -16.6
#Frame: 580000, Loss: 0.001559897675178945
Last-10 average reward: -17.6
#Frame: 590000, Loss: 0.0015431110514327884
Last-10 average reward: -18.4
#Frame: 600000, Loss: 0.0015271940501406789
Last-10 average reward: -17.8
#Frame: 610000, Loss: 0.0015133022097870708
Last-10 average reward: -17.3
#Frame: 620000, Loss: 0.0015000797575339675
Last-10 average reward: -17.1
#Frame: 630000, Loss: 0.0014873844338580966
Last-10 average reward: -16.2
#Frame: 640000, Loss: 0.0014763971557840705
Last-10 average reward: -15.6
#Frame: 650000, Loss: 0.001467689755372703
Last-10 average reward: -15.6
#Frame: 660000, Loss: 0.0014574154047295451
Last-10 average reward: -16.2
#Frame: 670000, Loss: 0.001446568756364286
Last-10 average reward: -16.2
#Frame: 680000, Loss: 0.0014372924342751503
Last-10 average reward: -16.3
#Frame: 690000, Loss: 0.0014286090154200792
Last-10 average reward: -17.5
#Frame: 700000, Loss: 0.001419138046912849
Last-10 average reward: -18.0
#Frame: 710000, Loss: 0.0014100424014031887
Last-10 average reward: -15.1
#Frame: 720000, Loss: 0.0014019213849678636
Last-10 average reward: -13.9
#Frame: 730000, Loss: 0.0013949432177469134
Last-10 average reward: -17.5
#Frame: 740000, Loss: 0.0013876475859433413
Last-10 average reward: -18.4
#Frame: 750000, Loss: 0.0013784875627607107
Last-10 average reward: -15.6
#Frame: 760000, Loss: 0.001370312413200736
Last-10 average reward: -15.0
#Frame: 770000, Loss: 0.0013631328474730253
Last-10 average reward: -13.9
#Frame: 780000, Loss: 0.0013559245271608233
Last-10 average reward: -14.0
#Frame: 790000, Loss: 0.001347884419374168
Last-10 average reward: -13.7
#Frame: 800000, Loss: 0.0013407793594524264
Last-10 average reward: -14.3
#Frame: 810000, Loss: 0.0013340814039111137
Last-10 average reward: -20.0
#Frame: 820000, Loss: 0.001326190889813006
Last-10 average reward: -20.1
#Frame: 830000, Loss: 0.0013171298196539283
Last-10 average reward: -17.6
#Frame: 840000, Loss: 0.0013090621214359999
Last-10 average reward: -14.3
#Frame: 850000, Loss: 0.001301401644013822
Last-10 average reward: -12.3
#Frame: 860000, Loss: 0.0012934402329847217
Last-10 average reward: -11.1
#Frame: 870000, Loss: 0.0012862632283940911
Last-10 average reward: -12.5
#Frame: 880000, Loss: 0.0012795773800462484
Last-10 average reward: -14.7
#Frame: 890000, Loss: 0.0012733852490782738
Last-10 average reward: -14.7
#Frame: 900000, Loss: 0.001265987753868103
Last-10 average reward: -13.9
#Frame: 910000, Loss: 0.001259637181647122
Last-10 average reward: -14.1
#Frame: 920000, Loss: 0.001254543662071228
Last-10 average reward: -15.2
#Frame: 930000, Loss: 0.0012487495550885797
Last-10 average reward: -13.5
#Frame: 940000, Loss: 0.0012436689576134086
Last-10 average reward: -11.6
#Frame: 950000, Loss: 0.001239320496097207
Last-10 average reward: -9.3
#Frame: 960000, Loss: 0.0012345383875072002
Last-10 average reward: -8.6
#Frame: 970000, Loss: 0.0012305184500291944
Last-10 average reward: -9.3
#Frame: 980000, Loss: 0.001227345666848123
Last-10 average reward: -10.3
#Frame: 990000, Loss: 0.0012247684644535184
Last-10 average reward: -11.6
#Frame: 1000000, Loss: 0.0012220327043905854
Last-10 average reward: -12.1
#Frame: 1010000, Loss: 0.0012175387237221003
Last-10 average reward: -12.4
#Frame: 1020000, Loss: 0.0012133943382650614
Last-10 average reward: -11.9
#Frame: 1030000, Loss: 0.0012097918661311269
Last-10 average reward: -10.6
#Frame: 1040000, Loss: 0.0012062282767146826
Last-10 average reward: -12.4
#Frame: 1050000, Loss: 0.0012010072823613882
Last-10 average reward: -12.6
#Frame: 1060000, Loss: 0.001196413766592741
Last-10 average reward: -11.6
#Frame: 1070000, Loss: 0.001192375086247921
Last-10 average reward: -9.8
#Frame: 1080000, Loss: 0.001188684138469398
Last-10 average reward: -13.1
#Frame: 1090000, Loss: 0.0011855053016915917
Last-10 average reward: -17.1
#Frame: 1100000, Loss: 0.0011816272744908929
Last-10 average reward: -17.3
#Frame: 1110000, Loss: 0.0011766640236601233
Last-10 average reward: -13.6
#Frame: 1120000, Loss: 0.0011721928603947163
Last-10 average reward: -9.5
#Frame: 1130000, Loss: 0.0011681438190862536
Last-10 average reward: -8.4
#Frame: 1140000, Loss: 0.0011646870989352465
Last-10 average reward: -12.1
#Frame: 1150000, Loss: 0.0011608931235969067
Last-10 average reward: -11.4
#Frame: 1160000, Loss: 0.0011563748121261597
Last-10 average reward: -11.0
#Frame: 1170000, Loss: 0.0011525824666023254
Last-10 average reward: -9.3
#Frame: 1180000, Loss: 0.0011492744088172913
Last-10 average reward: -9.3
#Frame: 1190000, Loss: 0.0011463772971183062
Last-10 average reward: -6.3
#Frame: 1200000, Loss: 0.001142020570114255
Last-10 average reward: -4.7
#Frame: 1210000, Loss: 0.0011377662885934114
Last-10 average reward: -1.1
#Frame: 1220000, Loss: 0.0011340335477143526
Last-10 average reward: -3.8
#Frame: 1230000, Loss: 0.001129979849793017
Last-10 average reward: -7.7
#Frame: 1240000, Loss: 0.0011262327898293734
Last-10 average reward: -10.4
#Frame: 1250000, Loss: 0.0011232737451791763
Last-10 average reward: -14.7
#Frame: 1260000, Loss: 0.001120911561883986
Last-10 average reward: -14.3
#Frame: 1270000, Loss: 0.0011180510045960546
Last-10 average reward: -18.1
#Frame: 1280000, Loss: 0.001114239334128797
Last-10 average reward: -15.7
#Frame: 1290000, Loss: 0.0011110075283795595
Last-10 average reward: -12.4
#Frame: 1300000, Loss: 0.0011078600073233247
Last-10 average reward: -11.3
#Frame: 1310000, Loss: 0.0011036628857254982
Last-10 average reward: -16.7
#Frame: 1320000, Loss: 0.0010994740296155214
Last-10 average reward: -11.3
#Frame: 1330000, Loss: 0.0010958329075947404
Last-10 average reward: -9.2
#Frame: 1340000, Loss: 0.001092848600819707
Last-10 average reward: -7.7
#Frame: 1350000, Loss: 0.001090139732696116
Last-10 average reward: -0.7
#Frame: 1360000, Loss: 0.0010877848835662007
Last-10 average reward: 0.6
#Frame: 1370000, Loss: 0.0010847327066585422
Last-10 average reward: -2.1
#Frame: 1380000, Loss: 0.0010815705172717571
Last-10 average reward: -11.4
#Frame: 1390000, Loss: 0.0010789716616272926
Last-10 average reward: -12.2
#Frame: 1400000, Loss: 0.0010770648950710893
Last-10 average reward: -11.4
#Frame: 1410000, Loss: 0.0010752826929092407
Last-10 average reward: -15.2
#Frame: 1420000, Loss: 0.001072483602911234
Last-10 average reward: -14.7
#Frame: 1430000, Loss: 0.0010697225807234645
Last-10 average reward: -14.5
#Frame: 1440000, Loss: 0.0010666789021342993
Last-10 average reward: -7.1
#Frame: 1450000, Loss: 0.001064112177118659
Last-10 average reward: -2.3
#Frame: 1460000, Loss: 0.0010618200758472085
Last-10 average reward: 0.0
#Frame: 1470000, Loss: 0.001060037175193429
Last-10 average reward: -5.3
#Frame: 1480000, Loss: 0.0010585488053038716
Last-10 average reward: -6.7
#Frame: 1490000, Loss: 0.0010558426147326827
Last-10 average reward: 1.7
#Frame: 1500000, Loss: 0.00105244480073452
Last-10 average reward: 4.5
16592.38user 339.05system 4:43:58elapsed 99%CPU (0avgtext+0avgdata 5164396maxresident)k
0inputs+650920outputs (0major+81225384minor)pagefaults 0swaps
