#Frame: 10000, preparing replay buffer
#Frame: 20000, Loss: 0.5745618939399719
Last-10 average reward: -20.4
#Frame: 30000, Loss: 0.3967224955558777
Last-10 average reward: -20.3
#Frame: 40000, Loss: 0.3083030879497528
Last-10 average reward: -20.3
#Frame: 50000, Loss: 0.2557818591594696
Last-10 average reward: -20.4
#Frame: 60000, Loss: 0.2201351523399353
Last-10 average reward: -20.8
#Frame: 70000, Loss: 0.19472259283065796
Last-10 average reward: -20.2
#Frame: 80000, Loss: 0.17519624531269073
Last-10 average reward: -20.6
#Frame: 90000, Loss: 0.1598583459854126
Last-10 average reward: -19.5
#Frame: 100000, Loss: 0.14799660444259644
Last-10 average reward: -20.0
#Frame: 110000, Loss: 0.13833430409431458
Last-10 average reward: -19.6
#Frame: 120000, Loss: 0.13087399303913116
Last-10 average reward: -19.8
#Frame: 130000, Loss: 0.12467089295387268
Last-10 average reward: -20.5
#Frame: 140000, Loss: 0.11887899041175842
Last-10 average reward: -21.0
#Frame: 150000, Loss: 0.11351347714662552
Last-10 average reward: -21.0
#Frame: 160000, Loss: 0.10854342579841614
Last-10 average reward: -20.3
#Frame: 170000, Loss: 0.10416335612535477
Last-10 average reward: -19.2
#Frame: 180000, Loss: 0.10050288587808609
Last-10 average reward: -19.5
#Frame: 190000, Loss: 0.09702116996049881
Last-10 average reward: -20.1
#Frame: 200000, Loss: 0.09349332004785538
Last-10 average reward: -20.8
#Frame: 210000, Loss: 0.09023748338222504
Last-10 average reward: -20.8
#Frame: 220000, Loss: 0.08718089014291763
Last-10 average reward: -20.3
#Frame: 230000, Loss: 0.08438818901777267
Last-10 average reward: -19.4
#Frame: 240000, Loss: 0.0819934532046318
Last-10 average reward: -19.0
#Frame: 250000, Loss: 0.07989368587732315
Last-10 average reward: -18.6
#Frame: 260000, Loss: 0.07807277143001556
Last-10 average reward: -18.7
#Frame: 270000, Loss: 0.07638245075941086
Last-10 average reward: -18.8
#Frame: 280000, Loss: 0.07474854588508606
Last-10 average reward: -17.8
#Frame: 290000, Loss: 0.0732956975698471
Last-10 average reward: -19.0
#Frame: 300000, Loss: 0.07195836305618286
Last-10 average reward: -18.9
#Frame: 310000, Loss: 0.07057490199804306
Last-10 average reward: -18.7
#Frame: 320000, Loss: 0.0693671777844429
Last-10 average reward: -18.7
#Frame: 330000, Loss: 0.06820874661207199
Last-10 average reward: -17.7
#Frame: 340000, Loss: 0.06722002476453781
Last-10 average reward: -18.6
#Frame: 350000, Loss: 0.0663546621799469
Last-10 average reward: -18.1
#Frame: 360000, Loss: 0.06554393470287323
Last-10 average reward: -16.9
#Frame: 370000, Loss: 0.0646466463804245
Last-10 average reward: -17.1
#Frame: 380000, Loss: 0.06386183202266693
Last-10 average reward: -18.6
#Frame: 390000, Loss: 0.06317365169525146
Last-10 average reward: -20.1
#Frame: 400000, Loss: 0.06250984966754913
Last-10 average reward: -20.4
#Frame: 410000, Loss: 0.06180815398693085
Last-10 average reward: -20.6
#Frame: 420000, Loss: 0.06112872064113617
Last-10 average reward: -21.0
#Frame: 430000, Loss: 0.06041490286588669
Last-10 average reward: -20.4
#Frame: 440000, Loss: 0.059785839170217514
Last-10 average reward: -20.3
#Frame: 450000, Loss: 0.05914892628788948
Last-10 average reward: -18.2
#Frame: 460000, Loss: 0.058595724403858185
Last-10 average reward: -16.9
#Frame: 470000, Loss: 0.05813155695796013
Last-10 average reward: -19.9
#Frame: 480000, Loss: 0.05734020471572876
Last-10 average reward: -21.0
#Frame: 490000, Loss: 0.056563857942819595
Last-10 average reward: -19.8
#Frame: 500000, Loss: 0.055885255336761475
Last-10 average reward: -18.9
#Frame: 510000, Loss: 0.055289749056100845
Last-10 average reward: -18.6
#Frame: 520000, Loss: 0.05473450571298599
Last-10 average reward: -18.6
#Frame: 530000, Loss: 0.054265230894088745
Last-10 average reward: -19.1
#Frame: 540000, Loss: 0.053875286132097244
Last-10 average reward: -18.2
#Frame: 550000, Loss: 0.05345556139945984
Last-10 average reward: -18.0
#Frame: 560000, Loss: 0.05309246480464935
Last-10 average reward: -18.4
#Frame: 570000, Loss: 0.052691731601953506
Last-10 average reward: -20.1
#Frame: 580000, Loss: 0.05232731252908707
Last-10 average reward: -18.4
#Frame: 590000, Loss: 0.05199425667524338
Last-10 average reward: -17.4
#Frame: 600000, Loss: 0.051683373749256134
Last-10 average reward: -16.8
#Frame: 610000, Loss: 0.051432061940431595
Last-10 average reward: -15.6
#Frame: 620000, Loss: 0.05119314044713974
Last-10 average reward: -16.6
#Frame: 630000, Loss: 0.051015473902225494
Last-10 average reward: -20.4
#Frame: 640000, Loss: 0.0507938377559185
Last-10 average reward: -20.1
#Frame: 650000, Loss: 0.05052535608410835
Last-10 average reward: -20.8
#Frame: 660000, Loss: 0.050235480070114136
Last-10 average reward: -20.9
#Frame: 670000, Loss: 0.04984399676322937
Last-10 average reward: -20.5
#Frame: 680000, Loss: 0.04944382607936859
Last-10 average reward: -19.0
#Frame: 690000, Loss: 0.04904308542609215
Last-10 average reward: -19.7
#Frame: 700000, Loss: 0.04867393150925636
Last-10 average reward: -19.8
#Frame: 710000, Loss: 0.04826094210147858
Last-10 average reward: -20.7
#Frame: 720000, Loss: 0.04786745831370354
Last-10 average reward: -20.6
#Frame: 730000, Loss: 0.04748710244894028
Last-10 average reward: -19.6
#Frame: 740000, Loss: 0.0471438392996788
Last-10 average reward: -19.1
#Frame: 750000, Loss: 0.0468207411468029
Last-10 average reward: -17.0
#Frame: 760000, Loss: 0.04651540517807007
Last-10 average reward: -18.2
#Frame: 770000, Loss: 0.046251773834228516
Last-10 average reward: -18.2
#Frame: 780000, Loss: 0.04600290209054947
Last-10 average reward: -17.8
#Frame: 790000, Loss: 0.045756906270980835
Last-10 average reward: -19.0
#Frame: 800000, Loss: 0.04553355276584625
Last-10 average reward: -20.6
#Frame: 810000, Loss: 0.04533492028713226
Last-10 average reward: -19.4
#Frame: 820000, Loss: 0.04514256492257118
Last-10 average reward: -18.5
#Frame: 830000, Loss: 0.04492480307817459
Last-10 average reward: -20.6
#Frame: 840000, Loss: 0.044672414660453796
Last-10 average reward: -19.9
#Frame: 850000, Loss: 0.04442524164915085
Last-10 average reward: -20.7
#Frame: 860000, Loss: 0.04420934244990349
Last-10 average reward: -21.0
#Frame: 870000, Loss: 0.043946169316768646
Last-10 average reward: -19.9
#Frame: 880000, Loss: 0.043723370879888535
Last-10 average reward: -18.1
#Frame: 890000, Loss: 0.04352844879031181
Last-10 average reward: -15.2
#Frame: 900000, Loss: 0.043356988579034805
Last-10 average reward: -15.2
#Frame: 910000, Loss: 0.043187595903873444
Last-10 average reward: -16.3
#Frame: 920000, Loss: 0.04301908612251282
Last-10 average reward: -16.7
#Frame: 930000, Loss: 0.04284284636378288
Last-10 average reward: -14.9
#Frame: 940000, Loss: 0.04269363358616829
Last-10 average reward: -14.1
#Frame: 950000, Loss: 0.042557355016469955
Last-10 average reward: -18.2
#Frame: 960000, Loss: 0.04241325706243515
Last-10 average reward: -16.9
#Frame: 970000, Loss: 0.04226124286651611
Last-10 average reward: -19.5
#Frame: 980000, Loss: 0.04211718589067459
Last-10 average reward: -18.8
#Frame: 990000, Loss: 0.04199104756116867
Last-10 average reward: -18.4
#Frame: 1000000, Loss: 0.04184761643409729
Last-10 average reward: -18.4
11405.24user 318.39system 3:16:35elapsed 99%CPU (0avgtext+0avgdata 8406748maxresident)k
0inputs+16outputs (0major+108512387minor)pagefaults 0swaps
