#Frame: 10000, preparing replay buffer
#Frame: 20000, Loss: 0.7626092433929443
Last-10 average reward: -20.8
#Frame: 30000, Loss: 0.5140349268913269
Last-10 average reward: -20.7
#Frame: 40000, Loss: 0.3841470777988434
Last-10 average reward: -20.6
#Frame: 50000, Loss: 0.3088679015636444
Last-10 average reward: -20.4
#Frame: 60000, Loss: 0.26054421067237854
Last-10 average reward: -19.8
#Frame: 70000, Loss: 0.2274855524301529
Last-10 average reward: -20.4
#Frame: 80000, Loss: 0.2027919590473175
Last-10 average reward: -20.7
#Frame: 90000, Loss: 0.18374229967594147
Last-10 average reward: -20.9
#Frame: 100000, Loss: 0.1681821346282959
Last-10 average reward: -20.6
#Frame: 110000, Loss: 0.15528923273086548
Last-10 average reward: -20.9
#Frame: 120000, Loss: 0.14470914006233215
Last-10 average reward: -21.0
#Frame: 130000, Loss: 0.1353936642408371
Last-10 average reward: -21.0
#Frame: 140000, Loss: 0.1274721622467041
Last-10 average reward: -20.9
#Frame: 150000, Loss: 0.12041208148002625
Last-10 average reward: -20.9
#Frame: 160000, Loss: 0.11416735500097275
Last-10 average reward: -20.9
#Frame: 170000, Loss: 0.10833587497472763
Last-10 average reward: -20.9
#Frame: 180000, Loss: 0.10320255160331726
Last-10 average reward: -21.0
#Frame: 190000, Loss: 0.09853006899356842
Last-10 average reward: -21.0
#Frame: 200000, Loss: 0.09427393972873688
Last-10 average reward: -21.0
#Frame: 210000, Loss: 0.09035564213991165
Last-10 average reward: -20.3
#Frame: 220000, Loss: 0.08690641075372696
Last-10 average reward: -20.5
#Frame: 230000, Loss: 0.08389858901500702
Last-10 average reward: -20.8
#Frame: 240000, Loss: 0.08108583837747574
Last-10 average reward: -20.8
#Frame: 250000, Loss: 0.07853616774082184
Last-10 average reward: -20.3
#Frame: 260000, Loss: 0.0761641189455986
Last-10 average reward: -20.7
#Frame: 270000, Loss: 0.0741194412112236
Last-10 average reward: -20.2
#Frame: 280000, Loss: 0.07228704541921616
Last-10 average reward: -20.5
#Frame: 290000, Loss: 0.07061054557561874
Last-10 average reward: -20.2
#Frame: 300000, Loss: 0.0691283643245697
Last-10 average reward: -20.9
#Frame: 310000, Loss: 0.06771437078714371
Last-10 average reward: -21.0
#Frame: 320000, Loss: 0.06633681058883667
Last-10 average reward: -20.8
#Frame: 330000, Loss: 0.06497612595558167
Last-10 average reward: -21.0
#Frame: 340000, Loss: 0.0637362003326416
Last-10 average reward: -20.3
#Frame: 350000, Loss: 0.06264568120241165
Last-10 average reward: -18.5
#Frame: 360000, Loss: 0.061687275767326355
Last-10 average reward: -18.6
#Frame: 370000, Loss: 0.06095130369067192
Last-10 average reward: -17.8
#Frame: 380000, Loss: 0.06024594232439995
Last-10 average reward: -18.6
#Frame: 390000, Loss: 0.059599414467811584
Last-10 average reward: -19.0
#Frame: 400000, Loss: 0.058943215757608414
Last-10 average reward: -19.5
#Frame: 410000, Loss: 0.05831955000758171
Last-10 average reward: -20.4
#Frame: 420000, Loss: 0.05770986154675484
Last-10 average reward: -20.2
#Frame: 430000, Loss: 0.05708901211619377
Last-10 average reward: -20.6
#Frame: 440000, Loss: 0.056438177824020386
Last-10 average reward: -20.4
#Frame: 450000, Loss: 0.055843669921159744
Last-10 average reward: -20.7
#Frame: 460000, Loss: 0.055279966443777084
Last-10 average reward: -20.5
#Frame: 470000, Loss: 0.054715633392333984
Last-10 average reward: -20.5
#Frame: 480000, Loss: 0.05413351207971573
Last-10 average reward: -20.8
#Frame: 490000, Loss: 0.05366130545735359
Last-10 average reward: -20.2
#Frame: 500000, Loss: 0.053162164986133575
Last-10 average reward: -20.4
#Frame: 510000, Loss: 0.05273662507534027
Last-10 average reward: -20.4
#Frame: 520000, Loss: 0.05229470878839493
Last-10 average reward: -20.8
#Frame: 530000, Loss: 0.0518823005259037
Last-10 average reward: -20.4
#Frame: 540000, Loss: 0.05145202949643135
Last-10 average reward: -20.6
#Frame: 550000, Loss: 0.05106870085000992
Last-10 average reward: -20.6
#Frame: 560000, Loss: 0.05069725960493088
Last-10 average reward: -20.8
#Frame: 570000, Loss: 0.050282251089811325
Last-10 average reward: -20.4
#Frame: 580000, Loss: 0.04992523416876793
Last-10 average reward: -19.5
#Frame: 590000, Loss: 0.049576569348573685
Last-10 average reward: -18.7
#Frame: 600000, Loss: 0.04925072565674782
Last-10 average reward: -20.0
#Frame: 610000, Loss: 0.04893435165286064
Last-10 average reward: -19.4
#Frame: 620000, Loss: 0.048638489097356796
Last-10 average reward: -18.4
#Frame: 630000, Loss: 0.04838631674647331
Last-10 average reward: -17.6
#Frame: 640000, Loss: 0.048163123428821564
Last-10 average reward: -18.3
#Frame: 650000, Loss: 0.04793934151530266
Last-10 average reward: -18.6
#Frame: 660000, Loss: 0.04771941527724266
Last-10 average reward: -19.1
#Frame: 670000, Loss: 0.04751709848642349
Last-10 average reward: -18.2
#Frame: 680000, Loss: 0.047324929386377335
Last-10 average reward: -18.1
#Frame: 690000, Loss: 0.04710504412651062
Last-10 average reward: -19.4
#Frame: 700000, Loss: 0.046906620264053345
Last-10 average reward: -18.1
#Frame: 710000, Loss: 0.046722155064344406
Last-10 average reward: -17.3
#Frame: 720000, Loss: 0.04655727744102478
Last-10 average reward: -17.7
#Frame: 730000, Loss: 0.04636228829622269
Last-10 average reward: -17.8
#Frame: 740000, Loss: 0.04617517068982124
Last-10 average reward: -19.3
#Frame: 750000, Loss: 0.04599080607295036
Last-10 average reward: -19.4
#Frame: 760000, Loss: 0.04580485448241234
Last-10 average reward: -18.5
#Frame: 770000, Loss: 0.04562082514166832
Last-10 average reward: -19.2
#Frame: 780000, Loss: 0.04544692486524582
Last-10 average reward: -18.2
#Frame: 790000, Loss: 0.045282330363988876
Last-10 average reward: -16.8
#Frame: 800000, Loss: 0.0451640710234642
Last-10 average reward: -17.3
#Frame: 810000, Loss: 0.04502343386411667
Last-10 average reward: -17.2
#Frame: 820000, Loss: 0.04489751532673836
Last-10 average reward: -17.4
#Frame: 830000, Loss: 0.04477786272764206
Last-10 average reward: -17.3
#Frame: 840000, Loss: 0.04464609548449516
Last-10 average reward: -15.9
#Frame: 850000, Loss: 0.04449206218123436
Last-10 average reward: -15.2
#Frame: 860000, Loss: 0.04436115920543671
Last-10 average reward: -15.2
#Frame: 870000, Loss: 0.04426854848861694
Last-10 average reward: -15.6
#Frame: 880000, Loss: 0.04415454715490341
Last-10 average reward: -18.2
#Frame: 890000, Loss: 0.04404449835419655
Last-10 average reward: -18.9
#Frame: 900000, Loss: 0.04394662752747536
Last-10 average reward: -18.5
#Frame: 910000, Loss: 0.043863695114851
Last-10 average reward: -17.8
#Frame: 920000, Loss: 0.04374513775110245
Last-10 average reward: -20.1
#Frame: 930000, Loss: 0.043629635125398636
Last-10 average reward: -20.1
#Frame: 940000, Loss: 0.043464869260787964
Last-10 average reward: -19.8
#Frame: 950000, Loss: 0.043291933834552765
Last-10 average reward: -18.0
#Frame: 960000, Loss: 0.04313437268137932
Last-10 average reward: -19.8
#Frame: 970000, Loss: 0.04297805204987526
Last-10 average reward: -21.0
#Frame: 980000, Loss: 0.04282289743423462
Last-10 average reward: -21.0
#Frame: 990000, Loss: 0.04262920096516609
Last-10 average reward: -21.0
#Frame: 1000000, Loss: 0.04244028776884079
Last-10 average reward: -21.0
#Frame: 1010000, Loss: 0.04227505996823311
Last-10 average reward: -21.0
#Frame: 1020000, Loss: 0.04215133190155029
Last-10 average reward: -20.9
#Frame: 1030000, Loss: 0.04201710224151611
Last-10 average reward: -19.5
#Frame: 1040000, Loss: 0.04189031198620796
Last-10 average reward: -19.4
#Frame: 1050000, Loss: 0.04179447144269943
Last-10 average reward: -18.6
#Frame: 1060000, Loss: 0.04162799194455147
Last-10 average reward: -17.2
#Frame: 1070000, Loss: 0.04141170158982277
Last-10 average reward: -15.2
#Frame: 1080000, Loss: 0.04121819883584976
Last-10 average reward: -14.7
#Frame: 1090000, Loss: 0.04103806987404823
Last-10 average reward: -14.4
#Frame: 1100000, Loss: 0.04087018594145775
Last-10 average reward: -17.0
#Frame: 1110000, Loss: 0.04072321951389313
Last-10 average reward: -18.0
#Frame: 1120000, Loss: 0.040602292865514755
Last-10 average reward: -15.5
#Frame: 1130000, Loss: 0.040489837527275085
Last-10 average reward: -16.4
#Frame: 1140000, Loss: 0.040381867438554764
Last-10 average reward: -17.7
#Frame: 1150000, Loss: 0.04029422998428345
Last-10 average reward: -20.2
#Frame: 1160000, Loss: 0.04019731283187866
Last-10 average reward: -20.5
#Frame: 1170000, Loss: 0.04012969136238098
Last-10 average reward: -20.7
#Frame: 1180000, Loss: 0.04005885496735573
Last-10 average reward: -20.5
#Frame: 1190000, Loss: 0.03994157910346985
Last-10 average reward: -18.1
#Frame: 1200000, Loss: 0.03985118865966797
Last-10 average reward: -16.6
#Frame: 1210000, Loss: 0.039782073348760605
Last-10 average reward: -17.0
#Frame: 1220000, Loss: 0.03971319645643234
Last-10 average reward: -19.5
#Frame: 1230000, Loss: 0.039663270115852356
Last-10 average reward: -20.9
#Frame: 1240000, Loss: 0.03957393020391464
Last-10 average reward: -19.9
#Frame: 1250000, Loss: 0.03939272463321686
Last-10 average reward: -17.6
#Frame: 1260000, Loss: 0.039211612194776535
Last-10 average reward: -16.5
#Frame: 1270000, Loss: 0.039070405066013336
Last-10 average reward: -15.0
#Frame: 1280000, Loss: 0.0389532670378685
Last-10 average reward: -14.6
#Frame: 1290000, Loss: 0.03886064887046814
Last-10 average reward: -17.3
#Frame: 1300000, Loss: 0.038787841796875
Last-10 average reward: -20.0
#Frame: 1310000, Loss: 0.03870294243097305
Last-10 average reward: -20.5
#Frame: 1320000, Loss: 0.038617879152297974
Last-10 average reward: -20.6
#Frame: 1330000, Loss: 0.03854288160800934
Last-10 average reward: -18.3
#Frame: 1340000, Loss: 0.0384819358587265
Last-10 average reward: -17.1
#Frame: 1350000, Loss: 0.03843900188803673
Last-10 average reward: -18.0
#Frame: 1360000, Loss: 0.03839468955993652
Last-10 average reward: -17.1
#Frame: 1370000, Loss: 0.03834842890501022
Last-10 average reward: -18.0
#Frame: 1380000, Loss: 0.03827229142189026
Last-10 average reward: -18.8
#Frame: 1390000, Loss: 0.03819972649216652
Last-10 average reward: -18.5
#Frame: 1400000, Loss: 0.03811841085553169
Last-10 average reward: -16.8
#Frame: 1410000, Loss: 0.03804335370659828
Last-10 average reward: -17.7
#Frame: 1420000, Loss: 0.03798883035778999
Last-10 average reward: -18.3
#Frame: 1430000, Loss: 0.03792409971356392
Last-10 average reward: -15.6
#Frame: 1440000, Loss: 0.0378652885556221
Last-10 average reward: -15.0
#Frame: 1450000, Loss: 0.037818118929862976
Last-10 average reward: -16.3
#Frame: 1460000, Loss: 0.037787578999996185
Last-10 average reward: -20.5
#Frame: 1470000, Loss: 0.03773603215813637
Last-10 average reward: -20.7
#Frame: 1480000, Loss: 0.03770254924893379
Last-10 average reward: -19.7
#Frame: 1490000, Loss: 0.037641510367393494
Last-10 average reward: -19.6
#Frame: 1500000, Loss: 0.03760002553462982
Last-10 average reward: -18.7
#Frame: 1510000, Loss: 0.03759164735674858
Last-10 average reward: -16.5
#Frame: 1520000, Loss: 0.03754391893744469
Last-10 average reward: -16.9
#Frame: 1530000, Loss: 0.03748002275824547
Last-10 average reward: -18.0
#Frame: 1540000, Loss: 0.0374143011868
Last-10 average reward: -19.1
#Frame: 1550000, Loss: 0.0373409166932106
Last-10 average reward: -16.3
#Frame: 1560000, Loss: 0.037259891629219055
Last-10 average reward: -16.2
#Frame: 1570000, Loss: 0.03719262033700943
Last-10 average reward: -16.3
#Frame: 1580000, Loss: 0.037132713943719864
Last-10 average reward: -14.8
#Frame: 1590000, Loss: 0.03706618398427963
Last-10 average reward: -13.7
#Frame: 1600000, Loss: 0.0370110347867012
Last-10 average reward: -14.4
#Frame: 1610000, Loss: 0.036954645067453384
Last-10 average reward: -16.2
#Frame: 1620000, Loss: 0.03689710050821304
Last-10 average reward: -14.5
#Frame: 1630000, Loss: 0.0368427149951458
Last-10 average reward: -20.9
#Frame: 1640000, Loss: 0.03679355978965759
Last-10 average reward: -20.9
#Frame: 1650000, Loss: 0.03673502802848816
Last-10 average reward: -21.0
#Frame: 1660000, Loss: 0.0367010124027729
Last-10 average reward: -18.7
#Frame: 1670000, Loss: 0.036662507802248
Last-10 average reward: -16.3
#Frame: 1680000, Loss: 0.0366348922252655
Last-10 average reward: -17.6
#Frame: 1690000, Loss: 0.03662409633398056
Last-10 average reward: -16.2
#Frame: 1700000, Loss: 0.03659595549106598
Last-10 average reward: -14.1
#Frame: 1710000, Loss: 0.03659592568874359
Last-10 average reward: -14.2
#Frame: 1720000, Loss: 0.036595575511455536
Last-10 average reward: -17.9
#Frame: 1730000, Loss: 0.036574698984622955
Last-10 average reward: -17.1
#Frame: 1740000, Loss: 0.03655824810266495
Last-10 average reward: -15.9
#Frame: 1750000, Loss: 0.0365438386797905
Last-10 average reward: -14.6
#Frame: 1760000, Loss: 0.03653549775481224
Last-10 average reward: -14.8
#Frame: 1770000, Loss: 0.036499831825494766
Last-10 average reward: -17.7
#Frame: 1780000, Loss: 0.036459919065237045
Last-10 average reward: -15.4
#Frame: 1790000, Loss: 0.036420296877622604
Last-10 average reward: -16.3
#Frame: 1800000, Loss: 0.036376193165779114
Last-10 average reward: -17.6
#Frame: 1810000, Loss: 0.03634244203567505
Last-10 average reward: -17.0
#Frame: 1820000, Loss: 0.036301303654909134
Last-10 average reward: -16.2
#Frame: 1830000, Loss: 0.03623680770397186
Last-10 average reward: -13.6
#Frame: 1840000, Loss: 0.036181967705488205
Last-10 average reward: -12.6
#Frame: 1850000, Loss: 0.03614146262407303
Last-10 average reward: -13.4
#Frame: 1860000, Loss: 0.03609640896320343
Last-10 average reward: -15.5
#Frame: 1870000, Loss: 0.03605000674724579
Last-10 average reward: -15.7
#Frame: 1880000, Loss: 0.03599091246724129
Last-10 average reward: -14.4
#Frame: 1890000, Loss: 0.035951048135757446
Last-10 average reward: -14.9
#Frame: 1900000, Loss: 0.03592195734381676
Last-10 average reward: -14.6
#Frame: 1910000, Loss: 0.03585635870695114
Last-10 average reward: -17.6
#Frame: 1920000, Loss: 0.035807233303785324
Last-10 average reward: -15.0
#Frame: 1930000, Loss: 0.03576390817761421
Last-10 average reward: -17.5
#Frame: 1940000, Loss: 0.03572583943605423
Last-10 average reward: -15.8
#Frame: 1950000, Loss: 0.03570184484124184
Last-10 average reward: -13.4
#Frame: 1960000, Loss: 0.035644832998514175
Last-10 average reward: -17.6
#Frame: 1970000, Loss: 0.0355861559510231
Last-10 average reward: -16.2
#Frame: 1980000, Loss: 0.03553358092904091
Last-10 average reward: -12.2
#Frame: 1990000, Loss: 0.03549068793654442
Last-10 average reward: -12.1
#Frame: 2000000, Loss: 0.03545419126749039
Last-10 average reward: -13.9
#Frame: 2010000, Loss: 0.035413023084402084
Last-10 average reward: -14.5
#Frame: 2020000, Loss: 0.03534338250756264
Last-10 average reward: -16.1
#Frame: 2030000, Loss: 0.03527876362204552
Last-10 average reward: -16.9
#Frame: 2040000, Loss: 0.03521693870425224
Last-10 average reward: -18.3
#Frame: 2050000, Loss: 0.035167399793863297
Last-10 average reward: -18.6
#Frame: 2060000, Loss: 0.03510815277695656
Last-10 average reward: -17.6
#Frame: 2070000, Loss: 0.03506449609994888
Last-10 average reward: -17.4
#Frame: 2080000, Loss: 0.03503140062093735
Last-10 average reward: -16.9
#Frame: 2090000, Loss: 0.034993670880794525
Last-10 average reward: -17.5
#Frame: 2100000, Loss: 0.034911736845970154
Last-10 average reward: -14.6
#Frame: 2110000, Loss: 0.03483874723315239
Last-10 average reward: -13.3
#Frame: 2120000, Loss: 0.03476056456565857
Last-10 average reward: -13.2
#Frame: 2130000, Loss: 0.03470257669687271
Last-10 average reward: -13.6
#Frame: 2140000, Loss: 0.034646566957235336
Last-10 average reward: -14.6
#Frame: 2150000, Loss: 0.03460961952805519
Last-10 average reward: -18.8
#Frame: 2160000, Loss: 0.03458438813686371
Last-10 average reward: -20.4
#Frame: 2170000, Loss: 0.03453446924686432
Last-10 average reward: -21.0
#Frame: 2180000, Loss: 0.034471623599529266
Last-10 average reward: -19.4
#Frame: 2190000, Loss: 0.03440973907709122
Last-10 average reward: -15.6
#Frame: 2200000, Loss: 0.034362051635980606
Last-10 average reward: -13.4
#Frame: 2210000, Loss: 0.03432120010256767
Last-10 average reward: -14.8
#Frame: 2220000, Loss: 0.03428230062127113
Last-10 average reward: -12.4
#Frame: 2230000, Loss: 0.03423687815666199
Last-10 average reward: -11.8
#Frame: 2240000, Loss: 0.03419862687587738
Last-10 average reward: -13.2
#Frame: 2250000, Loss: 0.03417132422327995
Last-10 average reward: -13.7
#Frame: 2260000, Loss: 0.034131862223148346
Last-10 average reward: -12.4
#Frame: 2270000, Loss: 0.03409259021282196
Last-10 average reward: -11.3
#Frame: 2280000, Loss: 0.03404683619737625
Last-10 average reward: -16.9
#Frame: 2290000, Loss: 0.034000590443611145
Last-10 average reward: -19.1
#Frame: 2300000, Loss: 0.033939678221940994
Last-10 average reward: -18.1
#Frame: 2310000, Loss: 0.033887963742017746
Last-10 average reward: -17.1
#Frame: 2320000, Loss: 0.03384467586874962
Last-10 average reward: -17.7
#Frame: 2330000, Loss: 0.03378826007246971
Last-10 average reward: -15.9
#Frame: 2340000, Loss: 0.03374967351555824
Last-10 average reward: -15.5
#Frame: 2350000, Loss: 0.033714547753334045
Last-10 average reward: -14.6
#Frame: 2360000, Loss: 0.03366323933005333
Last-10 average reward: -12.3
#Frame: 2370000, Loss: 0.03359359875321388
Last-10 average reward: -10.0
#Frame: 2380000, Loss: 0.03353516012430191
Last-10 average reward: -11.8
#Frame: 2390000, Loss: 0.03349297493696213
Last-10 average reward: -13.0
#Frame: 2400000, Loss: 0.03345601633191109
Last-10 average reward: -18.9
#Frame: 2410000, Loss: 0.03341512009501457
Last-10 average reward: -15.1
#Frame: 2420000, Loss: 0.033384885638952255
Last-10 average reward: -10.3
#Frame: 2430000, Loss: 0.03335713595151901
Last-10 average reward: -9.4
#Frame: 2440000, Loss: 0.03333250433206558
Last-10 average reward: -9.1
#Frame: 2450000, Loss: 0.03328489884734154
Last-10 average reward: -9.0
#Frame: 2460000, Loss: 0.03323344513773918
Last-10 average reward: -10.8
#Frame: 2470000, Loss: 0.03318805247545242
Last-10 average reward: -9.1
#Frame: 2480000, Loss: 0.03315102681517601
Last-10 average reward: -8.2
#Frame: 2490000, Loss: 0.03311818465590477
Last-10 average reward: -10.6
#Frame: 2500000, Loss: 0.03307535499334335
Last-10 average reward: -11.0
#Frame: 2510000, Loss: 0.03304411470890045
Last-10 average reward: -8.1
#Frame: 2520000, Loss: 0.03301939368247986
Last-10 average reward: -9.5
#Frame: 2530000, Loss: 0.0330035574734211
Last-10 average reward: -10.7
#Frame: 2540000, Loss: 0.03300165385007858
Last-10 average reward: -14.5
#Frame: 2550000, Loss: 0.03300117328763008
Last-10 average reward: -12.8
#Frame: 2560000, Loss: 0.032982222735881805
Last-10 average reward: -11.9
#Frame: 2570000, Loss: 0.0329679474234581
Last-10 average reward: -11.7
#Frame: 2580000, Loss: 0.03296245262026787
Last-10 average reward: -15.1
#Frame: 2590000, Loss: 0.0329391248524189
Last-10 average reward: -17.3
#Frame: 2600000, Loss: 0.032896917313337326
Last-10 average reward: -16.1
#Frame: 2610000, Loss: 0.03285185620188713
Last-10 average reward: -16.0
#Frame: 2620000, Loss: 0.032819464802742004
Last-10 average reward: -16.5
#Frame: 2630000, Loss: 0.03278063237667084
Last-10 average reward: -15.5
#Frame: 2640000, Loss: 0.03274581581354141
Last-10 average reward: -18.3
#Frame: 2650000, Loss: 0.032676998525857925
Last-10 average reward: -17.6
#Frame: 2660000, Loss: 0.03261677920818329
Last-10 average reward: -19.0
#Frame: 2670000, Loss: 0.032563112676143646
Last-10 average reward: -18.2
#Frame: 2680000, Loss: 0.03252056986093521
Last-10 average reward: -19.2
#Frame: 2690000, Loss: 0.03247614949941635
Last-10 average reward: -19.9
#Frame: 2700000, Loss: 0.0324251689016819
Last-10 average reward: -19.2
#Frame: 2710000, Loss: 0.03239355608820915
Last-10 average reward: -19.8
#Frame: 2720000, Loss: 0.03236689791083336
Last-10 average reward: -18.2
#Frame: 2730000, Loss: 0.032331742346286774
Last-10 average reward: -19.7
#Frame: 2740000, Loss: 0.03230897709727287
Last-10 average reward: -19.5
#Frame: 2750000, Loss: 0.03229111433029175
Last-10 average reward: -20.2
#Frame: 2760000, Loss: 0.03226491063833237
Last-10 average reward: -19.7
#Frame: 2770000, Loss: 0.03224542737007141
Last-10 average reward: -20.6
#Frame: 2780000, Loss: 0.03222612291574478
Last-10 average reward: -20.2
#Frame: 2790000, Loss: 0.03219815343618393
Last-10 average reward: -18.4
#Frame: 2800000, Loss: 0.03218663111329079
Last-10 average reward: -19.0
#Frame: 2810000, Loss: 0.03217143565416336
Last-10 average reward: -17.7
#Frame: 2820000, Loss: 0.03215784206986427
Last-10 average reward: -15.8
#Frame: 2830000, Loss: 0.032160159200429916
Last-10 average reward: -12.3
#Frame: 2840000, Loss: 0.032165542244911194
Last-10 average reward: -13.5
#Frame: 2850000, Loss: 0.03216439113020897
Last-10 average reward: -16.2
#Frame: 2860000, Loss: 0.032150864601135254
Last-10 average reward: -17.1
#Frame: 2870000, Loss: 0.03212892264127731
Last-10 average reward: -13.4
#Frame: 2880000, Loss: 0.03211022913455963
Last-10 average reward: -10.3
#Frame: 2890000, Loss: 0.03208976611495018
Last-10 average reward: -16.1
#Frame: 2900000, Loss: 0.0320674292743206
Last-10 average reward: -17.6
#Frame: 2910000, Loss: 0.03204265981912613
Last-10 average reward: -18.7
#Frame: 2920000, Loss: 0.03201603144407272
Last-10 average reward: -17.1
#Frame: 2930000, Loss: 0.03199746459722519
Last-10 average reward: -18.6
#Frame: 2940000, Loss: 0.031981613487005234
Last-10 average reward: -16.4
#Frame: 2950000, Loss: 0.03196720778942108
Last-10 average reward: -15.7
#Frame: 2960000, Loss: 0.031954240053892136
Last-10 average reward: -12.2
#Frame: 2970000, Loss: 0.03191622719168663
Last-10 average reward: -16.3
#Frame: 2980000, Loss: 0.031874094158411026
Last-10 average reward: -19.5
#Frame: 2990000, Loss: 0.031843774020671844
Last-10 average reward: -20.7
#Frame: 3000000, Loss: 0.03181101009249687
Last-10 average reward: -19.8
#Frame: 3010000, Loss: 0.031770654022693634
Last-10 average reward: -18.1
#Frame: 3020000, Loss: 0.03173583745956421
Last-10 average reward: -19.0
#Frame: 3030000, Loss: 0.03171442076563835
Last-10 average reward: -15.2
#Frame: 3040000, Loss: 0.03169116750359535
Last-10 average reward: -18.2
#Frame: 3050000, Loss: 0.031674109399318695
Last-10 average reward: -19.6
#Frame: 3060000, Loss: 0.03167242929339409
Last-10 average reward: -20.5
#Frame: 3070000, Loss: 0.03166064992547035
Last-10 average reward: -20.3
#Frame: 3080000, Loss: 0.03164609521627426
Last-10 average reward: -20.7
#Frame: 3090000, Loss: 0.031653471291065216
Last-10 average reward: -20.4
#Frame: 3100000, Loss: 0.03165484592318535
Last-10 average reward: -18.2
#Frame: 3110000, Loss: 0.03164282068610191
Last-10 average reward: -13.5
#Frame: 3120000, Loss: 0.03162471950054169
Last-10 average reward: -9.4
#Frame: 3130000, Loss: 0.03161802142858505
Last-10 average reward: -10.2
#Frame: 3140000, Loss: 0.03160599619150162
Last-10 average reward: -17.1
#Frame: 3150000, Loss: 0.0316011905670166
Last-10 average reward: -19.6
#Frame: 3160000, Loss: 0.03159051388502121
Last-10 average reward: -19.4
#Frame: 3170000, Loss: 0.031599048525094986
Last-10 average reward: -19.5
#Frame: 3180000, Loss: 0.03159442916512489
Last-10 average reward: -19.2
#Frame: 3190000, Loss: 0.031589675694704056
Last-10 average reward: -19.3
#Frame: 3200000, Loss: 0.031584713608026505
Last-10 average reward: -19.0
#Frame: 3210000, Loss: 0.03157814219594002
Last-10 average reward: -19.9
#Frame: 3220000, Loss: 0.03157295659184456
Last-10 average reward: -19.7
#Frame: 3230000, Loss: 0.03157748281955719
Last-10 average reward: -20.1
#Frame: 3240000, Loss: 0.03158821538090706
Last-10 average reward: -17.6
#Frame: 3250000, Loss: 0.03159152343869209
Last-10 average reward: -20.0
#Frame: 3260000, Loss: 0.03158305585384369
Last-10 average reward: -19.7
#Frame: 3270000, Loss: 0.031572338193655014
Last-10 average reward: -18.8
#Frame: 3280000, Loss: 0.03155483305454254
Last-10 average reward: -19.6
#Frame: 3290000, Loss: 0.03153015300631523
Last-10 average reward: -16.1
#Frame: 3300000, Loss: 0.03150439262390137
Last-10 average reward: -13.0
#Frame: 3310000, Loss: 0.03149561211466789
Last-10 average reward: -10.7
#Frame: 3320000, Loss: 0.031483784317970276
Last-10 average reward: -9.5
#Frame: 3330000, Loss: 0.03146946430206299
Last-10 average reward: -13.3
#Frame: 3340000, Loss: 0.031452685594558716
Last-10 average reward: -18.0
#Frame: 3350000, Loss: 0.031434640288352966
Last-10 average reward: -16.2
#Frame: 3360000, Loss: 0.03141837567090988
Last-10 average reward: -15.7
#Frame: 3370000, Loss: 0.03140721097588539
Last-10 average reward: -13.5
#Frame: 3380000, Loss: 0.031385328620672226
Last-10 average reward: -11.3
#Frame: 3390000, Loss: 0.031367138028144836
Last-10 average reward: -7.7
#Frame: 3400000, Loss: 0.031350500881671906
Last-10 average reward: -8.3
#Frame: 3410000, Loss: 0.031338732689619064
Last-10 average reward: -18.7
#Frame: 3420000, Loss: 0.03132513910531998
Last-10 average reward: -17.8
#Frame: 3430000, Loss: 0.03131156042218208
Last-10 average reward: -15.1
#Frame: 3440000, Loss: 0.031296879053115845
Last-10 average reward: -15.0
#Frame: 3450000, Loss: 0.031282104551792145
Last-10 average reward: -17.3
#Frame: 3460000, Loss: 0.03126446157693863
Last-10 average reward: -17.8
#Frame: 3470000, Loss: 0.03125276789069176
Last-10 average reward: -15.1
#Frame: 3480000, Loss: 0.031231051310896873
Last-10 average reward: -11.9
#Frame: 3490000, Loss: 0.03121614083647728
Last-10 average reward: -9.6
#Frame: 3500000, Loss: 0.031208891421556473
Last-10 average reward: -11.4
#Frame: 3510000, Loss: 0.03119995817542076
Last-10 average reward: -11.7
#Frame: 3520000, Loss: 0.031190263107419014
Last-10 average reward: -9.9
#Frame: 3530000, Loss: 0.031165286898612976
Last-10 average reward: -17.3
#Frame: 3540000, Loss: 0.031153012067079544
Last-10 average reward: -16.8
#Frame: 3550000, Loss: 0.031144630163908005
Last-10 average reward: -17.1
#Frame: 3560000, Loss: 0.03112911991775036
Last-10 average reward: -17.2
#Frame: 3570000, Loss: 0.031117433682084084
Last-10 average reward: -14.5
#Frame: 3580000, Loss: 0.031114710494875908
Last-10 average reward: -15.8
#Frame: 3590000, Loss: 0.031114641577005386
Last-10 average reward: -18.5
#Frame: 3600000, Loss: 0.03111136145889759
Last-10 average reward: -19.6
#Frame: 3610000, Loss: 0.031112782657146454
Last-10 average reward: -19.8
#Frame: 3620000, Loss: 0.03112446516752243
Last-10 average reward: -18.8
#Frame: 3630000, Loss: 0.031128276139497757
Last-10 average reward: -20.0
#Frame: 3640000, Loss: 0.031109385192394257
Last-10 average reward: -19.3
#Frame: 3650000, Loss: 0.03109149821102619
Last-10 average reward: -18.9
#Frame: 3660000, Loss: 0.031075404956936836
Last-10 average reward: -18.8
#Frame: 3670000, Loss: 0.03105020523071289
Last-10 average reward: -15.4
#Frame: 3680000, Loss: 0.03103327378630638
Last-10 average reward: -9.4
#Frame: 3690000, Loss: 0.0310140959918499
Last-10 average reward: -7.0
#Frame: 3700000, Loss: 0.0309977475553751
Last-10 average reward: -11.2
#Frame: 3710000, Loss: 0.03098568134009838
Last-10 average reward: -13.0
#Frame: 3720000, Loss: 0.03097889944911003
Last-10 average reward: -14.6
#Frame: 3730000, Loss: 0.030967792496085167
Last-10 average reward: -12.6
#Frame: 3740000, Loss: 0.030949667096138
Last-10 average reward: -11.7
#Frame: 3750000, Loss: 0.030927525833249092
Last-10 average reward: -11.3
#Frame: 3760000, Loss: 0.030893955379724503
Last-10 average reward: -12.4
#Frame: 3770000, Loss: 0.030865877866744995
Last-10 average reward: -19.2
#Frame: 3780000, Loss: 0.030833879485726357
Last-10 average reward: -20.3
#Frame: 3790000, Loss: 0.030809499323368073
Last-10 average reward: -19.8
#Frame: 3800000, Loss: 0.03078279457986355
Last-10 average reward: -19.9
#Frame: 3810000, Loss: 0.030755996704101562
Last-10 average reward: -20.6
#Frame: 3820000, Loss: 0.030738359317183495
Last-10 average reward: -18.2
#Frame: 3830000, Loss: 0.03069739229977131
Last-10 average reward: -13.6
#Frame: 3840000, Loss: 0.03064967319369316
Last-10 average reward: -12.1
#Frame: 3850000, Loss: 0.030603710561990738
Last-10 average reward: -15.9
#Frame: 3860000, Loss: 0.030565233901143074
Last-10 average reward: -18.2
#Frame: 3870000, Loss: 0.030532706528902054
Last-10 average reward: -19.5
#Frame: 3880000, Loss: 0.030500752851366997
Last-10 average reward: -19.9
#Frame: 3890000, Loss: 0.030469799414277077
Last-10 average reward: -19.4
#Frame: 3900000, Loss: 0.030450891703367233
Last-10 average reward: -19.7
#Frame: 3910000, Loss: 0.030431728810071945
Last-10 average reward: -19.8
#Frame: 3920000, Loss: 0.030418196693062782
Last-10 average reward: -20.2
#Frame: 3930000, Loss: 0.030415114015340805
Last-10 average reward: -19.4
#Frame: 3940000, Loss: 0.030417025089263916
Last-10 average reward: -18.5
#Frame: 3950000, Loss: 0.030397336930036545
Last-10 average reward: -16.3
#Frame: 3960000, Loss: 0.030389387160539627
Last-10 average reward: -11.7
#Frame: 3970000, Loss: 0.03038678504526615
Last-10 average reward: -12.1
#Frame: 3980000, Loss: 0.0303808581084013
Last-10 average reward: -15.9
#Frame: 3990000, Loss: 0.030367650091648102
Last-10 average reward: -15.3
#Frame: 4000000, Loss: 0.030356088653206825
Last-10 average reward: -17.7
#Frame: 4010000, Loss: 0.030344784259796143
Last-10 average reward: -18.6
#Frame: 4020000, Loss: 0.030332593247294426
Last-10 average reward: -17.7
#Frame: 4030000, Loss: 0.030322682112455368
Last-10 average reward: -15.8
#Frame: 4040000, Loss: 0.030319813638925552
Last-10 average reward: -14.6
#Frame: 4050000, Loss: 0.030312592163681984
Last-10 average reward: -13.3
#Frame: 4060000, Loss: 0.030301662161946297
Last-10 average reward: -19.9
#Frame: 4070000, Loss: 0.030282188206911087
Last-10 average reward: -18.7
#Frame: 4080000, Loss: 0.03025961108505726
Last-10 average reward: -17.4
#Frame: 4090000, Loss: 0.030242735520005226
Last-10 average reward: -18.9
#Frame: 4100000, Loss: 0.030228422954678535
Last-10 average reward: -19.5
#Frame: 4110000, Loss: 0.03022042103111744
Last-10 average reward: -19.3
#Frame: 4120000, Loss: 0.030214864760637283
Last-10 average reward: -18.2
#Frame: 4130000, Loss: 0.030205897986888885
Last-10 average reward: -13.6
#Frame: 4140000, Loss: 0.030199533328413963
Last-10 average reward: -17.2
#Frame: 4150000, Loss: 0.030207045376300812
Last-10 average reward: -19.3
#Frame: 4160000, Loss: 0.03020698018372059
Last-10 average reward: -19.3
#Frame: 4170000, Loss: 0.030218053609132767
Last-10 average reward: -19.1
#Frame: 4180000, Loss: 0.03020540438592434
Last-10 average reward: -16.0
#Frame: 4190000, Loss: 0.03016647696495056
Last-10 average reward: -13.4
#Frame: 4200000, Loss: 0.03013419732451439
Last-10 average reward: -14.9
#Frame: 4210000, Loss: 0.030109861865639687
Last-10 average reward: -14.3
#Frame: 4220000, Loss: 0.030088257044553757
Last-10 average reward: -11.1
#Frame: 4230000, Loss: 0.030066683888435364
Last-10 average reward: -11.9
#Frame: 4240000, Loss: 0.030048269778490067
Last-10 average reward: -10.8
#Frame: 4250000, Loss: 0.0300336591899395
Last-10 average reward: -8.8
#Frame: 4260000, Loss: 0.030022423714399338
Last-10 average reward: -9.2
#Frame: 4270000, Loss: 0.030019551515579224
Last-10 average reward: -7.0
#Frame: 4280000, Loss: 0.030006738379597664
Last-10 average reward: -10.0
#Frame: 4290000, Loss: 0.029980778694152832
Last-10 average reward: -12.5
#Frame: 4300000, Loss: 0.029956253245472908
Last-10 average reward: -15.1
#Frame: 4310000, Loss: 0.029934462159872055
Last-10 average reward: -14.4
#Frame: 4320000, Loss: 0.029912590980529785
Last-10 average reward: -12.5
#Frame: 4330000, Loss: 0.029890766367316246
Last-10 average reward: -15.4
#Frame: 4340000, Loss: 0.029863599687814713
Last-10 average reward: -16.9
#Frame: 4350000, Loss: 0.02983643114566803
Last-10 average reward: -15.4
#Frame: 4360000, Loss: 0.02981005422770977
Last-10 average reward: -15.5
#Frame: 4370000, Loss: 0.029786700382828712
Last-10 average reward: -19.1
#Frame: 4380000, Loss: 0.02977059967815876
Last-10 average reward: -15.2
#Frame: 4390000, Loss: 0.029759472236037254
Last-10 average reward: -13.8
#Frame: 4400000, Loss: 0.029751237481832504
Last-10 average reward: -11.8
#Frame: 4410000, Loss: 0.029745446518063545
Last-10 average reward: -18.1
#Frame: 4420000, Loss: 0.029740341007709503
Last-10 average reward: -16.2
#Frame: 4430000, Loss: 0.029728205874562263
Last-10 average reward: -16.1
#Frame: 4440000, Loss: 0.029722506180405617
Last-10 average reward: -19.7
#Frame: 4450000, Loss: 0.02971581183373928
Last-10 average reward: -17.1
#Frame: 4460000, Loss: 0.029708584770560265
Last-10 average reward: -12.0
#Frame: 4470000, Loss: 0.029706044122576714
Last-10 average reward: -8.9
#Frame: 4480000, Loss: 0.029700346291065216
Last-10 average reward: -5.0
#Frame: 4490000, Loss: 0.029695333912968636
Last-10 average reward: -7.0
#Frame: 4500000, Loss: 0.029690023511648178
Last-10 average reward: -17.3
#Frame: 4510000, Loss: 0.02968023531138897
Last-10 average reward: -20.3
#Frame: 4520000, Loss: 0.029670292511582375
Last-10 average reward: -17.9
#Frame: 4530000, Loss: 0.029637286439538002
Last-10 average reward: -19.2
#Frame: 4540000, Loss: 0.029605017974972725
Last-10 average reward: -16.7
#Frame: 4550000, Loss: 0.029571568593382835
Last-10 average reward: -16.0
#Frame: 4560000, Loss: 0.029543273150920868
Last-10 average reward: -18.3
#Frame: 4570000, Loss: 0.029521405696868896
Last-10 average reward: -18.3
#Frame: 4580000, Loss: 0.029509330168366432
Last-10 average reward: -18.6
#Frame: 4590000, Loss: 0.0294867604970932
Last-10 average reward: -19.0
#Frame: 4600000, Loss: 0.02947358787059784
Last-10 average reward: -18.7
#Frame: 4610000, Loss: 0.029472673311829567
Last-10 average reward: -15.5
#Frame: 4620000, Loss: 0.029465898871421814
Last-10 average reward: -11.6
#Frame: 4630000, Loss: 0.02945765294134617
Last-10 average reward: -11.6
#Frame: 4640000, Loss: 0.029458021745085716
Last-10 average reward: -7.7
#Frame: 4650000, Loss: 0.029459809884428978
Last-10 average reward: -14.8
#Frame: 4660000, Loss: 0.029458649456501007
Last-10 average reward: -12.1
#Frame: 4670000, Loss: 0.029456237331032753
Last-10 average reward: -12.1
#Frame: 4680000, Loss: 0.029450491070747375
Last-10 average reward: -14.5
#Frame: 4690000, Loss: 0.02944609709084034
Last-10 average reward: -17.6
#Frame: 4700000, Loss: 0.0294384453445673
Last-10 average reward: -19.1
#Frame: 4710000, Loss: 0.029434727504849434
Last-10 average reward: -14.6
#Frame: 4720000, Loss: 0.029436614364385605
Last-10 average reward: -13.9
#Frame: 4730000, Loss: 0.029427340254187584
Last-10 average reward: -19.6
#Frame: 4740000, Loss: 0.029416337609291077
Last-10 average reward: -14.7
#Frame: 4750000, Loss: 0.029404064640402794
Last-10 average reward: -16.6
#Frame: 4760000, Loss: 0.02939140796661377
Last-10 average reward: -17.1
#Frame: 4770000, Loss: 0.029373319819569588
Last-10 average reward: -19.8
#Frame: 4780000, Loss: 0.029355280101299286
Last-10 average reward: -20.2
#Frame: 4790000, Loss: 0.029339542612433434
Last-10 average reward: -11.7
#Frame: 4800000, Loss: 0.029323101043701172
Last-10 average reward: -19.9
#Frame: 4810000, Loss: 0.029311852529644966
Last-10 average reward: -19.5
#Frame: 4820000, Loss: 0.029305363073945045
Last-10 average reward: -11.2
#Frame: 4830000, Loss: 0.02929019369184971
Last-10 average reward: -5.2
#Frame: 4840000, Loss: 0.029278060421347618
Last-10 average reward: -13.5
#Frame: 4850000, Loss: 0.029267890378832817
Last-10 average reward: -11.1
#Frame: 4860000, Loss: 0.029264027252793312
Last-10 average reward: -19.3
#Frame: 4870000, Loss: 0.02926824614405632
Last-10 average reward: -12.1
#Frame: 4880000, Loss: 0.029272722080349922
Last-10 average reward: -15.5
#Frame: 4890000, Loss: 0.02927912026643753
Last-10 average reward: -16.0
#Frame: 4900000, Loss: 0.029290296137332916
Last-10 average reward: -6.5
#Frame: 4910000, Loss: 0.029300367459654808
Last-10 average reward: -8.9
#Frame: 4920000, Loss: 0.02929707244038582
Last-10 average reward: -8.6
#Frame: 4930000, Loss: 0.029294099658727646
Last-10 average reward: -11.3
#Frame: 4940000, Loss: 0.029291538521647453
Last-10 average reward: -18.0
#Frame: 4950000, Loss: 0.029292810708284378
Last-10 average reward: -21.0
#Frame: 4960000, Loss: 0.02929054945707321
Last-10 average reward: -15.4
#Frame: 4970000, Loss: 0.029281657189130783
Last-10 average reward: -8.2
#Frame: 4980000, Loss: 0.029274731874465942
Last-10 average reward: -16.8
#Frame: 4990000, Loss: 0.02927117608487606
Last-10 average reward: -21.0
#Frame: 5000000, Loss: 0.029264075681567192
Last-10 average reward: -13.7
55300.13user 1699.60system 15:55:59elapsed 99%CPU (0avgtext+0avgdata 14558976maxresident)k
0inputs+5186416outputs (0major+692996656minor)pagefaults 0swaps
#Frame: 5000000, preparing replay buffer
#Frame: 5010000, Loss: 0.029264075681567192
Last-10 average reward: -21.0
#Frame: 5020000, Loss: 0.029253287240862846
Last-10 average reward: -20.3
#Frame: 5030000, Loss: 0.02922513708472252
Last-10 average reward: -16.6
#Frame: 5040000, Loss: 0.029201915487647057
Last-10 average reward: -19.4
#Frame: 5050000, Loss: 0.029185235500335693
Last-10 average reward: -18.3
#Frame: 5060000, Loss: 0.02916972152888775
Last-10 average reward: -13.8
#Frame: 5070000, Loss: 0.029170040041208267
Last-10 average reward: -14.6
#Frame: 5080000, Loss: 0.02916685678064823
Last-10 average reward: -17.3
#Frame: 5090000, Loss: 0.029157929122447968
Last-10 average reward: -16.2
#Frame: 5100000, Loss: 0.029155293479561806
Last-10 average reward: -9.9
#Frame: 5110000, Loss: 0.029148394241929054
Last-10 average reward: -2.1
#Frame: 5120000, Loss: 0.02914535626769066
Last-10 average reward: 1.4
#Frame: 5130000, Loss: 0.02914556674659252
Last-10 average reward: -4.3
#Frame: 5140000, Loss: 0.02914208360016346
Last-10 average reward: -13.0
#Frame: 5150000, Loss: 0.029141228646039963
Last-10 average reward: -19.5
#Frame: 5160000, Loss: 0.02914307825267315
Last-10 average reward: -19.9
#Frame: 5170000, Loss: 0.02913672663271427
Last-10 average reward: -20.0
#Frame: 5180000, Loss: 0.029132431373000145
Last-10 average reward: -20.0
#Frame: 5190000, Loss: 0.02912881225347519
Last-10 average reward: -19.6
#Frame: 5200000, Loss: 0.02912030927836895
Last-10 average reward: -19.4
#Frame: 5210000, Loss: 0.029118012636899948
Last-10 average reward: -14.5
#Frame: 5220000, Loss: 0.029113609343767166
Last-10 average reward: -5.3
#Frame: 5230000, Loss: 0.02911124937236309
Last-10 average reward: -5.8
#Frame: 5240000, Loss: 0.029103679582476616
Last-10 average reward: -11.5
#Frame: 5250000, Loss: 0.029103519394993782
Last-10 average reward: -19.7
#Frame: 5260000, Loss: 0.02910866215825081
Last-10 average reward: -19.6
#Frame: 5270000, Loss: 0.029107393696904182
Last-10 average reward: -17.8
#Frame: 5280000, Loss: 0.029100501909852028
Last-10 average reward: -19.5
#Frame: 5290000, Loss: 0.029093211516737938
Last-10 average reward: -15.2
#Frame: 5300000, Loss: 0.029087133705615997
Last-10 average reward: -8.6
#Frame: 5310000, Loss: 0.029081519693136215
Last-10 average reward: -0.5
#Frame: 5320000, Loss: 0.029075082391500473
Last-10 average reward: -14.5
#Frame: 5330000, Loss: 0.02906840667128563
Last-10 average reward: -15.7
#Frame: 5340000, Loss: 0.029067140072584152
Last-10 average reward: -17.4
#Frame: 5350000, Loss: 0.029064781963825226
Last-10 average reward: -18.5
#Frame: 5360000, Loss: 0.029062913730740547
Last-10 average reward: -17.9
#Frame: 5370000, Loss: 0.02906470000743866
Last-10 average reward: -17.7
#Frame: 5380000, Loss: 0.029065338894724846
Last-10 average reward: -19.6
#Frame: 5390000, Loss: 0.029067281633615494
Last-10 average reward: -20.1
#Frame: 5400000, Loss: 0.029069308191537857
Last-10 average reward: -19.9
#Frame: 5410000, Loss: 0.029080793261528015
Last-10 average reward: -15.6
#Frame: 5420000, Loss: 0.02909090928733349
Last-10 average reward: -15.4
#Frame: 5430000, Loss: 0.029088318347930908
Last-10 average reward: -12.4
#Frame: 5440000, Loss: 0.029079560190439224
Last-10 average reward: -18.9
#Frame: 5450000, Loss: 0.029065778478980064
Last-10 average reward: -19.2
#Frame: 5460000, Loss: 0.029062233865261078
Last-10 average reward: -18.7
#Frame: 5470000, Loss: 0.02906564623117447
Last-10 average reward: -18.1
#Frame: 5480000, Loss: 0.029062293469905853
Last-10 average reward: -16.3
#Frame: 5490000, Loss: 0.02905372902750969
Last-10 average reward: -14.6
#Frame: 5500000, Loss: 0.029053835198283195
Last-10 average reward: -19.9
#Frame: 5510000, Loss: 0.029052283614873886
Last-10 average reward: -20.1
#Frame: 5520000, Loss: 0.02906396985054016
Last-10 average reward: -18.2
#Frame: 5530000, Loss: 0.02907230705022812
Last-10 average reward: -18.5
#Frame: 5540000, Loss: 0.029070595279335976
Last-10 average reward: -14.9
#Frame: 5550000, Loss: 0.029072366654872894
Last-10 average reward: -13.7
#Frame: 5560000, Loss: 0.029078012332320213
Last-10 average reward: -15.4
#Frame: 5570000, Loss: 0.029086599126458168
Last-10 average reward: -16.2
#Frame: 5580000, Loss: 0.02909671515226364
Last-10 average reward: -19.2
#Frame: 5590000, Loss: 0.029115181416273117
Last-10 average reward: -19.0
#Frame: 5600000, Loss: 0.02911934070289135
Last-10 average reward: -17.7
#Frame: 5610000, Loss: 0.029117755591869354
Last-10 average reward: -17.5
#Frame: 5620000, Loss: 0.02912123315036297
Last-10 average reward: -18.4
#Frame: 5630000, Loss: 0.02913052588701248
Last-10 average reward: -18.5
#Frame: 5640000, Loss: 0.029132051393389702
Last-10 average reward: -19.1
#Frame: 5650000, Loss: 0.029137378558516502
Last-10 average reward: -14.3
#Frame: 5660000, Loss: 0.029143687337636948
Last-10 average reward: -15.3
#Frame: 5670000, Loss: 0.029154442250728607
Last-10 average reward: -13.3
#Frame: 5680000, Loss: 0.029160605743527412
Last-10 average reward: -10.8
#Frame: 5690000, Loss: 0.02917589619755745
Last-10 average reward: -14.4
#Frame: 5700000, Loss: 0.0291876383125782
Last-10 average reward: -13.3
#Frame: 5710000, Loss: 0.029187697917222977
Last-10 average reward: -17.1
#Frame: 5720000, Loss: 0.02918636053800583
Last-10 average reward: -18.9
#Frame: 5730000, Loss: 0.029186589643359184
Last-10 average reward: -16.8
#Frame: 5740000, Loss: 0.029190106317400932
Last-10 average reward: -17.4
#Frame: 5750000, Loss: 0.029195353388786316
Last-10 average reward: -17.6
#Frame: 5760000, Loss: 0.029186632484197617
Last-10 average reward: -14.1
#Frame: 5770000, Loss: 0.02918168716132641
Last-10 average reward: -15.9
#Frame: 5780000, Loss: 0.02918573096394539
Last-10 average reward: -12.5
#Frame: 5790000, Loss: 0.029190611094236374
Last-10 average reward: -10.8
#Frame: 5800000, Loss: 0.029189458116889
Last-10 average reward: -16.5
#Frame: 5810000, Loss: 0.029187971726059914
Last-10 average reward: -19.9
#Frame: 5820000, Loss: 0.02918964810669422
Last-10 average reward: -15.8
#Frame: 5830000, Loss: 0.02919294685125351
Last-10 average reward: -14.1
#Frame: 5840000, Loss: 0.02919737994670868
Last-10 average reward: -15.1
#Frame: 5850000, Loss: 0.02919512242078781
Last-10 average reward: -13.2
#Frame: 5860000, Loss: 0.02920014224946499
Last-10 average reward: -9.9
#Frame: 5870000, Loss: 0.02919437550008297
Last-10 average reward: -4.1
#Frame: 5880000, Loss: 0.029193487018346786
Last-10 average reward: -8.8
#Frame: 5890000, Loss: 0.02919417805969715
Last-10 average reward: -17.2
#Frame: 5900000, Loss: 0.029192956164479256
Last-10 average reward: -16.8
#Frame: 5910000, Loss: 0.02919454127550125
Last-10 average reward: -14.3
#Frame: 5920000, Loss: 0.029191862791776657
Last-10 average reward: -13.8
#Frame: 5930000, Loss: 0.029187645763158798
Last-10 average reward: -11.8
#Frame: 5940000, Loss: 0.029183847829699516
Last-10 average reward: -14.6
#Frame: 5950000, Loss: 0.02918138913810253
Last-10 average reward: -17.2
#Frame: 5960000, Loss: 0.02918863855302334
Last-10 average reward: -17.2
#Frame: 5970000, Loss: 0.029198026284575462
Last-10 average reward: -15.0
#Frame: 5980000, Loss: 0.02920309640467167
Last-10 average reward: -12.9
#Frame: 5990000, Loss: 0.029203522950410843
Last-10 average reward: -9.8
11789.09user 333.18system 3:23:17elapsed 99%CPU (0avgtext+0avgdata 12425888maxresident)k
0inputs+1909984outputs (0major+132154381minor)pagefaults 0swaps
